     1                                  ;Program 2: Adding
     2                                  ;Adds values stored in AX and BX registers
     3                                  ;Adrian Faircloth
     4                                  ;09/15/2020
     5                                  
     6                                  SECTION .data
     7                                  ; define data/variables here.  Think DB, DW, DD, DQ
     8                                  
     9                                  SECTION .bss
    10                                  ; define uninitialized data here
    11                                  
    12                                  SECTION .text
    13                                  global _main
    14                                  _main:
    15                                  ;task 1
    16 00000000 66B8BACD                mov ax, 0CDBAh
    17 00000004 66BBABCD                mov bx, 0CDABh
    18 00000008 6601D8                  add ax, bx
    19                                  ;task 2
    20 0000000B 66B8CDAB                mov ax, 0ABCDh
    21 0000000F 66BBCDAB                mov bx, 0ABCDh
    22 00000013 6601D8                  add ax, bx
    23                                  ;task 3
    24 00000016 66B8FAFA                mov ax, 0FAFAh
    25 0000001A 66BB0505                mov bx, 0505h
    26 0000001E 6601D8                  add ax, bx
    27                                  ;task 4
    28 00000021 66B8F0F0                mov ax, 0F0F0h
    29 00000025 66BB00FF                mov bx, 0FF00h
    30 00000029 6601D8                  add ax, bx
    31                                  ;task 5
    32 0000002C 66B868D4                mov ax, 0D468h
    33 00000030 66BB982B                mov bx, 02B98h
    34 00000034 6601D8                  add ax, bx
    35                                  ;task 6
    36 00000037 66B80F70                mov ax, 700Fh
    37 0000003B 66BB982B                mov bx, 02B98h
    38 0000003F 6601D8                  add ax, bx 
    39                                  ;task 7
    40 00000042 66B83412                mov ax, 1234h
    41 00000046 66BB5476                mov bx, 7654h
    42 0000004A 6601D8                  add ax, bx
    43                                  ;task 8
    44 0000004D 66B80B0B                mov ax, 0B0Bh
    45 00000051 66BB1EA1                mov bx, 0A11Eh
    46                                  ;task 9
    47 00000055 66B85476                mov ax, 7654h
    48 00000059 66BB9A78                mov bx, 789Ah
    49 0000005D 6601D8                  add ax, bx
    50                                  ;task 10
    51 00000060 66B80080                mov ax, 8000h
    52 00000064 66BB0080                mov bx, 8000h
    53 00000068 6601D8                  add ax, bx
    54                                  
    55                                  ; Normal termination code
    56 0000006B B801000000              mov eax, 1
    57 00000070 BB00000000              mov ebx, 0
    58 00000075 CD80                    int 80h
    59                                           
